[0.006s] Invoking command in '/home/ubuntu/rover_ws/src/halleffect_controller/build/halleffect_controller': CMAKE_PREFIX_PATH=${CMAKE_PREFIX_PATH}:/opt/ros/jazzy DEBUGINFOD_URLS=https://debuginfod.ubuntu.com /usr/bin/cmake /home/ubuntu/rover_ws/src/halleffect_controller -DCMAKE_INSTALL_PREFIX=/home/ubuntu/rover_ws/src/halleffect_controller/install/halleffect_controller
[2.376s] -- The C compiler identification is GNU 13.3.0
[3.165s] -- The CXX compiler identification is GNU 13.3.0
[3.236s] -- Detecting C compiler ABI info
[3.428s] -- Detecting C compiler ABI info - done
[3.434s] -- Check for working C compiler: /usr/bin/cc - skipped
[3.434s] -- Detecting C compile features
[3.434s] -- Detecting C compile features - done
[3.440s] -- Detecting CXX compiler ABI info
[3.564s] -- Detecting CXX compiler ABI info - done
[3.570s] -- Check for working CXX compiler: /usr/bin/c++ - skipped
[3.570s] -- Detecting CXX compile features
[3.570s] -- Detecting CXX compile features - done
[3.691s] -- Found ament_cmake: 2.5.4 (/opt/ros/jazzy/share/ament_cmake/cmake)
[3.793s] -- Found Python3: /usr/bin/python3 (found version "3.12.3") found components: Interpreter 
[3.902s] -- Found rclpy: 7.1.4 (/opt/ros/jazzy/share/rclpy/cmake)
[3.924s] -- Found rclcpp: 28.1.9 (/opt/ros/jazzy/share/rclcpp/cmake)
[3.967s] -- Found rosidl_generator_c: 4.6.5 (/opt/ros/jazzy/share/rosidl_generator_c/cmake)
[3.977s] -- Found rosidl_generator_cpp: 4.6.5 (/opt/ros/jazzy/share/rosidl_generator_cpp/cmake)
[3.990s] -- Using all available rosidl_typesupport_c: rosidl_typesupport_fastrtps_c;rosidl_typesupport_introspection_c
[4.005s] -- Using all available rosidl_typesupport_cpp: rosidl_typesupport_fastrtps_cpp;rosidl_typesupport_introspection_cpp
[4.065s] -- Found rmw_implementation_cmake: 7.3.2 (/opt/ros/jazzy/share/rmw_implementation_cmake/cmake)
[4.068s] -- Found rmw_fastrtps_cpp: 8.4.2 (/opt/ros/jazzy/share/rmw_fastrtps_cpp/cmake)
[4.329s] -- Found OpenSSL: /usr/lib/x86_64-linux-gnu/libcrypto.so (found version "3.0.13")  
[4.347s] -- Found FastRTPS: /opt/ros/jazzy/include (Required is at least version "2.13") 
[4.362s] -- Using RMW implementation 'rmw_fastrtps_cpp' as default
[4.435s] -- Found std_msgs: 5.3.6 (/opt/ros/jazzy/share/std_msgs/cmake)
[4.445s] -- Found geometry_msgs: 5.3.6 (/opt/ros/jazzy/share/geometry_msgs/cmake)
[4.503s] -- Found sensor_msgs: 5.3.6 (/opt/ros/jazzy/share/sensor_msgs/cmake)
[4.521s] -- Found ament_lint_auto: 0.17.2 (/opt/ros/jazzy/share/ament_lint_auto/cmake)
[4.595s] -- Added test 'cppcheck' to perform static code analysis on C / C++ code
[4.595s] -- Configured cppcheck include dirs: /home/ubuntu/rover_ws/src/halleffect_controller/include
[4.595s] -- Configured cppcheck exclude dirs and/or files: 
[4.596s] -- Added test 'flake8' to check Python code syntax and style conventions
[4.596s] -- Configured 'flake8' exclude dirs and/or files: 
[4.597s] -- Added test 'lint_cmake' to check CMake code style
[4.598s] -- Added test 'pep257' to check Python code against some of the docstring style conventions in PEP 257
[4.600s] -- Added test 'uncrustify' to check C / C++ code style
[4.601s] -- Configured uncrustify additional arguments: 
[4.601s] -- Added test 'xmllint' to check XML markup files
[4.603s] -- Configuring done (4.6s)
[4.609s] -- Generating done (0.0s)
[4.611s] -- Build files have been written to: /home/ubuntu/rover_ws/src/halleffect_controller/build/halleffect_controller
[4.617s] Invoked command in '/home/ubuntu/rover_ws/src/halleffect_controller/build/halleffect_controller' returned '0': CMAKE_PREFIX_PATH=${CMAKE_PREFIX_PATH}:/opt/ros/jazzy DEBUGINFOD_URLS=https://debuginfod.ubuntu.com /usr/bin/cmake /home/ubuntu/rover_ws/src/halleffect_controller -DCMAKE_INSTALL_PREFIX=/home/ubuntu/rover_ws/src/halleffect_controller/install/halleffect_controller
[4.618s] Invoking command in '/home/ubuntu/rover_ws/src/halleffect_controller/build/halleffect_controller': CMAKE_PREFIX_PATH=${CMAKE_PREFIX_PATH}:/opt/ros/jazzy DEBUGINFOD_URLS=https://debuginfod.ubuntu.com /usr/bin/cmake --build /home/ubuntu/rover_ws/src/halleffect_controller/build/halleffect_controller -- -j16 -l16
[4.649s] [ 50%] [32mBuilding CXX object CMakeFiles/simple_controller.dir/src/simple_controller.cpp.o[0m
[4.775s] In file included from [01m[K/home/ubuntu/rover_ws/src/halleffect_controller/src/simple_controller.cpp:1[m[K:
[4.775s] [01m[K/home/ubuntu/rover_ws/src/halleffect_controller/include/halleffect_controller/simple_controller.hpp:7:10:[m[K [01;31m[Kfatal error: [m[Ksensor_msgs/msg/joint_state.hpp: No such file or directory
[4.775s]     7 | #include [01;31m[K<sensor_msgs/msg/joint_state.hpp>[m[K
[4.775s]       |          [01;31m[K^~~~~~~~~~~~~~~~~~~~~~~~~~~~~~~~~[m[K
[4.775s] compilation terminated.
[4.777s] gmake[2]: *** [CMakeFiles/simple_controller.dir/build.make:76: CMakeFiles/simple_controller.dir/src/simple_controller.cpp.o] Error 1
[4.777s] gmake[1]: *** [CMakeFiles/Makefile2:137: CMakeFiles/simple_controller.dir/all] Error 2
[4.777s] gmake: *** [Makefile:146: all] Error 2
[4.779s] Invoked command in '/home/ubuntu/rover_ws/src/halleffect_controller/build/halleffect_controller' returned '2': CMAKE_PREFIX_PATH=${CMAKE_PREFIX_PATH}:/opt/ros/jazzy DEBUGINFOD_URLS=https://debuginfod.ubuntu.com /usr/bin/cmake --build /home/ubuntu/rover_ws/src/halleffect_controller/build/halleffect_controller -- -j16 -l16
