[0.015s] Invoking command in '/home/ubuntu/rover_ws/build/halleffect_controller': CMAKE_PREFIX_PATH=${CMAKE_PREFIX_PATH}:/opt/ros/jazzy DEBUGINFOD_URLS=https://debuginfod.ubuntu.com /usr/bin/cmake --build /home/ubuntu/rover_ws/build/halleffect_controller -- -j16 -l16
[0.049s] [ 25%] [32mBuilding CXX object CMakeFiles/noisy_controller.dir/src/noisy_controller.cpp.o[0m
[0.054s] [ 75%] Built target simple_controller
[0.056s] In file included from [01m[K/home/ubuntu/rover_ws/src/halleffect_controller/src/noisy_controller.cpp:1[m[K:
[0.056s] [01m[K/home/ubuntu/rover_ws/src/halleffect_controller/include/halleffect_controller/noisy_controller.hpp:4:10:[m[K [01;31m[Kfatal error: [m[Krclcpp/rclcpp.hpp: No such file or directory
[0.056s]     4 | #include [01;31m[K<rclcpp/rclcpp.hpp>[m[K
[0.056s]       |          [01;31m[K^~~~~~~~~~~~~~~~~~~[m[K
[0.056s] compilation terminated.
[0.057s] gmake[2]: *** [CMakeFiles/noisy_controller.dir/build.make:76: CMakeFiles/noisy_controller.dir/src/noisy_controller.cpp.o] Error 1
[0.057s] gmake[1]: *** [CMakeFiles/Makefile2:165: CMakeFiles/noisy_controller.dir/all] Error 2
[0.057s] gmake: *** [Makefile:146: all] Error 2
[0.075s] Invoked command in '/home/ubuntu/rover_ws/build/halleffect_controller' returned '2': CMAKE_PREFIX_PATH=${CMAKE_PREFIX_PATH}:/opt/ros/jazzy DEBUGINFOD_URLS=https://debuginfod.ubuntu.com /usr/bin/cmake --build /home/ubuntu/rover_ws/build/halleffect_controller -- -j16 -l16
