[0.009s] Invoking command in '/home/ubuntu/rover_ws/build/halleffect_controller': CMAKE_PREFIX_PATH=${CMAKE_PREFIX_PATH}:/opt/ros/jazzy DEBUGINFOD_URLS=https://debuginfod.ubuntu.com /usr/bin/cmake --build /home/ubuntu/rover_ws/build/halleffect_controller -- -j16 -l16
[0.045s] [ 50%] [32mBuilding CXX object CMakeFiles/simple_controller.dir/src/simple_controller.cpp.o[0m
[0.170s] In file included from [01m[K/home/ubuntu/rover_ws/src/halleffect_controller/src/simple_controller.cpp:1[m[K:
[0.170s] [01m[K/home/ubuntu/rover_ws/src/halleffect_controller/include/halleffect_controller/simple_controller.hpp:7:10:[m[K [01;31m[Kfatal error: [m[Ksensor_msgs/msg/joint_state.hpp: No such file or directory
[0.170s]     7 | #include [01;31m[K<sensor_msgs/msg/joint_state.hpp>[m[K
[0.170s]       |          [01;31m[K^~~~~~~~~~~~~~~~~~~~~~~~~~~~~~~~~[m[K
[0.170s] compilation terminated.
[0.172s] gmake[2]: *** [CMakeFiles/simple_controller.dir/build.make:76: CMakeFiles/simple_controller.dir/src/simple_controller.cpp.o] Error 1
[0.172s] gmake[1]: *** [CMakeFiles/Makefile2:137: CMakeFiles/simple_controller.dir/all] Error 2
[0.172s] gmake: *** [Makefile:146: all] Error 2
[0.174s] Invoked command in '/home/ubuntu/rover_ws/build/halleffect_controller' returned '2': CMAKE_PREFIX_PATH=${CMAKE_PREFIX_PATH}:/opt/ros/jazzy DEBUGINFOD_URLS=https://debuginfod.ubuntu.com /usr/bin/cmake --build /home/ubuntu/rover_ws/build/halleffect_controller -- -j16 -l16
